<?xml version="1.0" encoding="UTF-8"?>
<testng-results skipped="0" failed="0" ignored="0" total="0" passed="0">
  <reporter-output>
  </reporter-output>
  <suite name="com.atmecs.falconweb.falconwebdevelopment.AppTest" duration-ms="6" started-at="2020-11-23T05:24:41Z" finished-at="2020-11-23T05:24:41Z">
    <groups>
    </groups>
    <test name="Command line test" duration-ms="6" started-at="2020-11-23T05:24:41Z" finished-at="2020-11-23T05:24:41Z">
    </test> <!-- Command line test -->
  </suite> <!-- com.atmecs.falconweb.falconwebdevelopment.AppTest -->
</testng-results>
